<?xml version="1.0" encoding="UTF-8"?>
<!-- Generated by org.testng.reporters.JUnitReportReporter -->
<testsuite hostname="rapsodoyellow-Vostro-5471" name="mavenForTest.seleniumTest.NewTest" tests="1" failures="0" timestamp="6 May 2019 17:10:50 GMT" time="0.006" errors="0">
  <testcase name="exampleOfTestNgMaven" time="0.006" classname="mavenForTest.seleniumTest.NewTest"/>
</testsuite> <!-- mavenForTest.seleniumTest.NewTest -->
