<?xml version="1.0" encoding="UTF-8"?>
<!-- Generated by org.testng.reporters.JUnitReportReporter -->
<testsuite hostname="rapsodoyellow-Vostro-5471" name="mavenForTest.seleniumTest.AppTest" tests="1" failures="0" timestamp="6 May 2019 17:10:50 GMT" time="0.001" errors="0">
  <testcase name="testApp" time="0.001" classname="mavenForTest.seleniumTest.AppTest"/>
</testsuite> <!-- mavenForTest.seleniumTest.AppTest -->
