<?xml version="1.0" encoding="UTF-8"?>
<!-- Generated by org.testng.reporters.JUnitReportReporter -->
<testsuite skipped="0" hostname="rapsodoyellow-Vostro-5471" name="mavenForTest.seleniumTest.NewTest" tests="1" failures="0" timestamp="06 May 2019 19:02:42 GMT" time="6.619" errors="0">
  <testcase name="exampleOfTestNgMaven" time="6.619" classname="mavenForTest.seleniumTest.NewTest"/>
</testsuite> <!-- mavenForTest.seleniumTest.NewTest -->
